{"contracts\\prisonManagement.sol":{"l":{"8":3,"9":1,"62":3,"119":1,"120":1,"121":1,"122":1,"123":1,"124":1,"125":1,"138":3,"142":1,"143":1,"144":1,"145":1,"146":1,"147":1,"148":1,"149":1,"150":1,"151":1,"169":3,"173":1,"174":1,"175":1,"176":1,"177":1,"181":5,"185":3,"190":1,"191":1,"195":7,"199":5,"206":3,"210":1,"211":1,"212":1,"220":5,"224":3,"228":1,"229":1,"230":1,"231":1,"237":8,"241":6,"245":4,"249":1,"250":1,"252":3,"259":1,"267":1,"268":1,"269":1,"277":27,"278":27,"279":27,"281":27,"285":8,"289":6,"293":4,"294":1,"295":1,"297":3,"301":1,"306":1,"307":1,"308":1,"309":1,"313":12,"314":12,"315":12,"317":12,"325":15,"326":8,"328":7},"path":"C:\\users\\aarya\\Documents\\GitHub\\prison-management-system\\contracts\\prisonManagement.sol","s":{"1":3,"2":3,"3":1,"4":1,"5":1,"6":1,"7":1,"8":1,"9":1,"10":3,"11":1,"12":1,"13":1,"14":1,"15":1,"16":1,"17":1,"18":1,"19":1,"20":1,"21":3,"22":1,"23":1,"24":1,"25":1,"26":1,"27":5,"28":3,"29":1,"30":1,"31":7,"32":5,"33":3,"34":1,"35":1,"36":1,"37":5,"38":3,"39":1,"40":1,"41":1,"42":1,"43":8,"44":6,"45":4,"46":1,"47":1,"48":3,"49":1,"50":1,"51":1,"52":1,"53":27,"54":27,"55":27,"56":17,"57":27,"58":8,"59":6,"60":4,"61":1,"62":1,"63":3,"64":1,"65":1,"66":1,"67":1,"68":1,"69":12,"70":12,"71":12,"72":7,"73":12,"74":15,"75":8,"76":7},"b":{"1":[1,2],"2":[1,2],"3":[1,2],"4":[3,2],"5":[1,2],"6":[5,2],"7":[3,2],"8":[1,2],"9":[3,2],"10":[1,2],"11":[6,2],"12":[4,2],"13":[1,3],"14":[1,2],"15":[17,10],"16":[6,2],"17":[4,2],"18":[1,3],"19":[1,2],"20":[7,5],"21":[8,7]},"f":{"1":3,"2":3,"3":1,"4":3,"5":3,"6":5,"7":7,"8":5,"9":8,"10":1,"11":27,"12":8,"13":1,"14":12,"15":15},"fnMap":{"1":{"name":"onlyAdmin","line":7,"loc":{"start":{"line":7,"column":4},"end":{"line":10,"column":4}}},"2":{"name":"constructor","line":61,"loc":{"start":{"line":61,"column":4},"end":{"line":63,"column":4}}},"3":{"name":"set_Warden","line":118,"loc":{"start":{"line":112,"column":4},"end":{"line":126,"column":4}}},"4":{"name":"set_Prisoner","line":128,"loc":{"start":{"line":128,"column":4},"end":{"line":161,"column":4}}},"5":{"name":"set_JobProvider","line":163,"loc":{"start":{"line":163,"column":4},"end":{"line":178,"column":4}}},"6":{"name":"update_Jobs","line":180,"loc":{"start":{"line":180,"column":4},"end":{"line":192,"column":4}}},"7":{"name":"set_Work","line":194,"loc":{"start":{"line":194,"column":4},"end":{"line":213,"column":4}}},"8":{"name":"set_Security","line":215,"loc":{"start":{"line":215,"column":4},"end":{"line":232,"column":4}}},"9":{"name":"set_AssignmentSecurity","line":234,"loc":{"start":{"line":234,"column":4},"end":{"line":261,"column":4}}},"10":{"name":"change_AssignmentSecurity","line":263,"loc":{"start":{"line":263,"column":4},"end":{"line":274,"column":4}}},"11":{"name":"checkWarden","line":276,"loc":{"start":{"line":276,"column":4},"end":{"line":282,"column":4}}},"12":{"name":"set_Cell","line":284,"loc":{"start":{"line":284,"column":4},"end":{"line":303,"column":4}}},"13":{"name":"prisoner_Transfer","line":305,"loc":{"start":{"line":305,"column":4},"end":{"line":310,"column":4}}},"14":{"name":"checkPrisoner","line":312,"loc":{"start":{"line":312,"column":4},"end":{"line":318,"column":4}}},"15":{"name":"hashCompareWithLengthCheck","line":320,"loc":{"start":{"line":320,"column":4},"end":{"line":332,"column":4}}}},"statementMap":{"1":{"start":{"line":8,"column":8},"end":{"line":8,"column":78}},"2":{"start":{"line":62,"column":8},"end":{"line":62,"column":25}},"3":{"start":{"line":119,"column":8},"end":{"line":119,"column":48}},"4":{"start":{"line":120,"column":8},"end":{"line":120,"column":22}},"5":{"start":{"line":121,"column":8},"end":{"line":121,"column":38}},"6":{"start":{"line":122,"column":8},"end":{"line":122,"column":36}},"7":{"start":{"line":123,"column":8},"end":{"line":123,"column":24}},"8":{"start":{"line":124,"column":8},"end":{"line":124,"column":29}},"9":{"start":{"line":125,"column":8},"end":{"line":125,"column":69}},"10":{"start":{"line":138,"column":8},"end":{"line":138,"column":3158}},"11":{"start":{"line":142,"column":8},"end":{"line":142,"column":52}},"12":{"start":{"line":143,"column":8},"end":{"line":143,"column":22}},"13":{"start":{"line":144,"column":8},"end":{"line":144,"column":38}},"14":{"start":{"line":145,"column":8},"end":{"line":145,"column":36}},"15":{"start":{"line":146,"column":8},"end":{"line":146,"column":24}},"16":{"start":{"line":147,"column":8},"end":{"line":147,"column":24}},"17":{"start":{"line":148,"column":8},"end":{"line":148,"column":38}},"18":{"start":{"line":149,"column":8},"end":{"line":149,"column":32}},"19":{"start":{"line":150,"column":8},"end":{"line":150,"column":31}},"20":{"start":{"line":151,"column":8},"end":{"line":151,"column":3617}},"21":{"start":{"line":169,"column":8},"end":{"line":169,"column":3998}},"22":{"start":{"line":173,"column":8},"end":{"line":173,"column":58}},"23":{"start":{"line":174,"column":8},"end":{"line":174,"column":22}},"24":{"start":{"line":175,"column":8},"end":{"line":175,"column":26}},"25":{"start":{"line":176,"column":8},"end":{"line":176,"column":26}},"26":{"start":{"line":177,"column":8},"end":{"line":177,"column":57}},"27":{"start":{"line":181,"column":8},"end":{"line":181,"column":4399}},"28":{"start":{"line":185,"column":8},"end":{"line":185,"column":4534}},"29":{"start":{"line":190,"column":8},"end":{"line":190,"column":43}},"30":{"start":{"line":191,"column":8},"end":{"line":191,"column":32}},"31":{"start":{"line":195,"column":8},"end":{"line":195,"column":4867}},"32":{"start":{"line":199,"column":8},"end":{"line":199,"column":5002}},"33":{"start":{"line":206,"column":8},"end":{"line":206,"column":5207}},"34":{"start":{"line":210,"column":8},"end":{"line":210,"column":62}},"35":{"start":{"line":211,"column":8},"end":{"line":211,"column":29}},"36":{"start":{"line":212,"column":8},"end":{"line":212,"column":69}},"37":{"start":{"line":220,"column":8},"end":{"line":220,"column":5629}},"38":{"start":{"line":224,"column":8},"end":{"line":224,"column":5756}},"39":{"start":{"line":228,"column":8},"end":{"line":228,"column":52}},"40":{"start":{"line":229,"column":8},"end":{"line":229,"column":22}},"41":{"start":{"line":230,"column":8},"end":{"line":230,"column":26}},"42":{"start":{"line":231,"column":8},"end":{"line":231,"column":42}},"43":{"start":{"line":237,"column":8},"end":{"line":237,"column":6147}},"44":{"start":{"line":241,"column":8},"end":{"line":241,"column":6274}},"45":{"start":{"line":245,"column":8},"end":{"line":245,"column":6395}},"46":{"start":{"line":249,"column":12},"end":{"line":249,"column":54}},"47":{"start":{"line":250,"column":12},"end":{"line":250,"column":77}},"48":{"start":{"line":252,"column":12},"end":{"line":252,"column":6682}},"49":{"start":{"line":259,"column":12},"end":{"line":259,"column":59}},"50":{"start":{"line":267,"column":8},"end":{"line":267,"column":67}},"51":{"start":{"line":268,"column":8},"end":{"line":268,"column":50}},"52":{"start":{"line":269,"column":8},"end":{"line":269,"column":7256}},"53":{"start":{"line":277,"column":8},"end":{"line":277,"column":22}},"54":{"start":{"line":278,"column":8},"end":{"line":278,"column":7508}},"55":{"start":{"line":279,"column":12},"end":{"line":279,"column":48}},"56":{"start":{"line":279,"column":40},"end":{"line":279,"column":47}},"57":{"start":{"line":281,"column":8},"end":{"line":281,"column":18}},"58":{"start":{"line":285,"column":8},"end":{"line":285,"column":7735}},"59":{"start":{"line":289,"column":8},"end":{"line":289,"column":7862}},"60":{"start":{"line":293,"column":8},"end":{"line":293,"column":7984}},"61":{"start":{"line":294,"column":12},"end":{"line":294,"column":42}},"62":{"start":{"line":295,"column":12},"end":{"line":295,"column":50}},"63":{"start":{"line":297,"column":12},"end":{"line":297,"column":8154}},"64":{"start":{"line":301,"column":12},"end":{"line":301,"column":45}},"65":{"start":{"line":306,"column":8},"end":{"line":306,"column":23}},"66":{"start":{"line":307,"column":8},"end":{"line":307,"column":40}},"67":{"start":{"line":308,"column":8},"end":{"line":308,"column":41}},"68":{"start":{"line":309,"column":8},"end":{"line":309,"column":62}},"69":{"start":{"line":313,"column":8},"end":{"line":313,"column":22}},"70":{"start":{"line":314,"column":8},"end":{"line":314,"column":8724}},"71":{"start":{"line":315,"column":12},"end":{"line":315,"column":50}},"72":{"start":{"line":315,"column":42},"end":{"line":315,"column":49}},"73":{"start":{"line":317,"column":8},"end":{"line":317,"column":18}},"74":{"start":{"line":325,"column":8},"end":{"line":325,"column":9012}},"75":{"start":{"line":326,"column":12},"end":{"line":326,"column":24}},"76":{"start":{"line":328,"column":12},"end":{"line":328,"column":9150}}},"branchMap":{"1":{"line":8,"type":"if","locations":[{"start":{"line":8,"column":8},"end":{"line":8,"column":8}},{"start":{"line":8,"column":8},"end":{"line":8,"column":8}}]},"2":{"line":138,"type":"if","locations":[{"start":{"line":138,"column":8},"end":{"line":138,"column":8}},{"start":{"line":138,"column":8},"end":{"line":138,"column":8}}]},"3":{"line":169,"type":"if","locations":[{"start":{"line":169,"column":8},"end":{"line":169,"column":8}},{"start":{"line":169,"column":8},"end":{"line":169,"column":8}}]},"4":{"line":181,"type":"if","locations":[{"start":{"line":181,"column":8},"end":{"line":181,"column":8}},{"start":{"line":181,"column":8},"end":{"line":181,"column":8}}]},"5":{"line":185,"type":"if","locations":[{"start":{"line":185,"column":8},"end":{"line":185,"column":8}},{"start":{"line":185,"column":8},"end":{"line":185,"column":8}}]},"6":{"line":195,"type":"if","locations":[{"start":{"line":195,"column":8},"end":{"line":195,"column":8}},{"start":{"line":195,"column":8},"end":{"line":195,"column":8}}]},"7":{"line":199,"type":"if","locations":[{"start":{"line":199,"column":8},"end":{"line":199,"column":8}},{"start":{"line":199,"column":8},"end":{"line":199,"column":8}}]},"8":{"line":206,"type":"if","locations":[{"start":{"line":206,"column":8},"end":{"line":206,"column":8}},{"start":{"line":206,"column":8},"end":{"line":206,"column":8}}]},"9":{"line":220,"type":"if","locations":[{"start":{"line":220,"column":8},"end":{"line":220,"column":8}},{"start":{"line":220,"column":8},"end":{"line":220,"column":8}}]},"10":{"line":224,"type":"if","locations":[{"start":{"line":224,"column":8},"end":{"line":224,"column":8}},{"start":{"line":224,"column":8},"end":{"line":224,"column":8}}]},"11":{"line":237,"type":"if","locations":[{"start":{"line":237,"column":8},"end":{"line":237,"column":8}},{"start":{"line":237,"column":8},"end":{"line":237,"column":8}}]},"12":{"line":241,"type":"if","locations":[{"start":{"line":241,"column":8},"end":{"line":241,"column":8}},{"start":{"line":241,"column":8},"end":{"line":241,"column":8}}]},"13":{"line":245,"type":"if","locations":[{"start":{"line":245,"column":8},"end":{"line":245,"column":8}},{"start":{"line":245,"column":8},"end":{"line":245,"column":8}}]},"14":{"line":252,"type":"if","locations":[{"start":{"line":252,"column":12},"end":{"line":252,"column":12}},{"start":{"line":252,"column":12},"end":{"line":252,"column":12}}]},"15":{"line":279,"type":"if","locations":[{"start":{"line":279,"column":12},"end":{"line":279,"column":12}},{"start":{"line":279,"column":12},"end":{"line":279,"column":12}}]},"16":{"line":285,"type":"if","locations":[{"start":{"line":285,"column":8},"end":{"line":285,"column":8}},{"start":{"line":285,"column":8},"end":{"line":285,"column":8}}]},"17":{"line":289,"type":"if","locations":[{"start":{"line":289,"column":8},"end":{"line":289,"column":8}},{"start":{"line":289,"column":8},"end":{"line":289,"column":8}}]},"18":{"line":293,"type":"if","locations":[{"start":{"line":293,"column":8},"end":{"line":293,"column":8}},{"start":{"line":293,"column":8},"end":{"line":293,"column":8}}]},"19":{"line":297,"type":"if","locations":[{"start":{"line":297,"column":12},"end":{"line":297,"column":12}},{"start":{"line":297,"column":12},"end":{"line":297,"column":12}}]},"20":{"line":315,"type":"if","locations":[{"start":{"line":315,"column":12},"end":{"line":315,"column":12}},{"start":{"line":315,"column":12},"end":{"line":315,"column":12}}]},"21":{"line":325,"type":"if","locations":[{"start":{"line":325,"column":8},"end":{"line":325,"column":8}},{"start":{"line":325,"column":8},"end":{"line":325,"column":8}}]}}}}